<?xml version="1.0" encoding="UTF-8"?>
<testng-results skipped="0" failed="0" total="1" passed="1">
  <reporter-output>
  </reporter-output>
  <suite name="Default suite" duration-ms="61114" started-at="2017-04-18T13:06:10Z" finished-at="2017-04-18T13:07:11Z">
    <groups>
    </groups>
    <test name="Default test" duration-ms="61114" started-at="2017-04-18T13:06:10Z" finished-at="2017-04-18T13:07:11Z">
      <class name="defaultPackage.Scenario">
        <test-method status="PASS" signature="test()[pri:0, instance:defaultPackage.Scenario@41eaa2]" name="test" duration-ms="61093" started-at="2017-04-18T18:36:10Z" finished-at="2017-04-18T18:37:11Z">
          <reporter-output>
          </reporter-output>
        </test-method> <!-- test -->
      </class> <!-- defaultPackage.Scenario -->
    </test> <!-- Default test -->
  </suite> <!-- Default suite -->
</testng-results>
